http://www.aktualne.cz/
http://zpravy.aktualne.cz/domaci/
http://zpravy.aktualne.cz/zahranici/
http://zpravy.aktualne.cz/ekonomika/
http://sport.aktualne.cz/
http://nazory.aktualne.cz/
http://magazin.aktualne.cz/
http://zpravy.aktualne.cz/ekonomika/auto/
http://video.aktualne.cz/
http://zpravy.aktualne.cz/zahranici/v-baltskem-mori-se-srazila-polska-a-ruska-ponorka-tvrdi-rusk/r~a6195eb00d4111e6862a0025900fea04/
http://zpravy.aktualne.cz/domaci/soud-vratil-policii-zalobu-na-predsedu-bloku-proti-islamu-ko/r~4f897f860d3611e6894a0025900fea04/
http://sport.aktualne.cz/kvitova-by-mohla-za-rok-hrat-v-praze/r~7615dc360d3f11e694830025900fea04/
http://zpravy.aktualne.cz/domaci/ministr-babis-uvital-na-capim-hnize-prezidenta-a-deti-z-klok/r~41f401f40d1611e680b40025900fea04/
http://zpravy.aktualne.cz/zahranici/robot-sien-er/r~5cd27d2a0c6711e6a2e00025900fea04/
http://sport.aktualne.cz/video-olympiada-tu-mam-na-parku-atleti-dukly-se-pripravou-ba/r~5bc6c59a0d3811e680b40025900fea04/
http://nazory.aktualne.cz/komentare/glosa-jakes-chvali-zemana-havlovci-jsou-spolecny-nepritel/r~bfb00c660c7e11e689e60025900fea04/
http://zpravy.aktualne.cz/zahranici/cernobylsky-reaktor-se-branil-az-do-poslednich-chvil-zlomily/r~747e0a280a1b11e68281002590604f2e/
http://zpravy.aktualne.cz/ekonomika/cesko-za-25-let-korunou-uz-platit-nebudeme-zavislost-na-aute/r~463a8c3406f311e69b05002590604f2e/
http://zpravy.aktualne.cz/regiony/zena-z-klatovska-popojizdela-autem-a-srazila-sveho-syna-chla/r~bf15b4d60d3c11e6803b002590604f2e/
http://video.aktualne.cz/dvtv/hazely-deti-kameny-na-obraz-zemana-fama-chteji-nekomu-ublizi/r~d16e272e0d3911e6b0a2002590604f2e/
http://zpravy.aktualne.cz/regiony/stredocesky/podezreleho-z-vrazdy-na-mladoboleslavsku-poslal-soud-do-vazb/r~f56354640d3a11e69ed0002590604f2e/
