http://www.novinky.cz/
http://www.novinky.cz/stalo-se/
http://www.novinky.cz/domaci/
http://www.novinky.cz/vase-zpravy/
http://www.novinky.cz/zahranicni/
http://www.novinky.cz/krimi/
http://www.novinky.cz/kultura/
http://www.novinky.cz/ekonomika/
http://www.novinky.cz/finance/
http://www.novinky.cz/zena/
http://www.novinky.cz/koktejl/
http://www.novinky.cz/komentare/
http://www.novinky.cz/internet-a-pc/
http://www.novinky.cz/auto/
http://www.novinky.cz/muzi/
http://www.novinky.cz/veda-skoly/
http://www.novinky.cz/bydleni/
http://www.novinky.cz/kariera/
http://www.novinky.cz/cestovani/
http://tema.novinky.cz/
http://www.novinky.cz/specialy/
